[2026-04-22 23:51:39 UTC] Inicio de ejecución.
[2026-04-22 23:51:39 UTC] Archivo leído correctamente: C:\Users\dhgui\Proton Drive\dhguilleng\My files\Escuela\4to_Semestre\Fundamentos_Devops\Actividades\Actividad_4\clima-estados\data\Estados.txt
[2026-04-22 23:51:39 UTC] Registros detectados: 3
[2026-04-22 23:51:39 UTC] JSON generado en: C:\Users\dhgui\Proton Drive\dhguilleng\My files\Escuela\4to_Semestre\Fundamentos_Devops\Actividades\Actividad_4\clima-estados\dist\estados.json
[2026-04-22 23:51:39 UTC] HTML generado en: C:\Users\dhgui\Proton Drive\dhguilleng\My files\Escuela\4to_Semestre\Fundamentos_Devops\Actividades\Actividad_4\clima-estados\dist\index.html
[2026-04-22 23:51:39 UTC] Manifest generado.
[2026-04-22 23:51:39 UTC] Proceso completado con éxito.
[2026-04-22 23:52:07 UTC] Inicio de ejecución.
[2026-04-22 23:52:07 UTC] Archivo leído correctamente: C:\Users\dhgui\Proton Drive\dhguilleng\My files\Escuela\4to_Semestre\Fundamentos_Devops\Actividades\Actividad_4\clima-estados\data\Estados.txt
[2026-04-22 23:52:07 UTC] Registros detectados: 3
[2026-04-22 23:52:07 UTC] JSON generado en: C:\Users\dhgui\Proton Drive\dhguilleng\My files\Escuela\4to_Semestre\Fundamentos_Devops\Actividades\Actividad_4\clima-estados\dist\estados.json
[2026-04-22 23:52:07 UTC] HTML generado en: C:\Users\dhgui\Proton Drive\dhguilleng\My files\Escuela\4to_Semestre\Fundamentos_Devops\Actividades\Actividad_4\clima-estados\dist\index.html
[2026-04-22 23:52:07 UTC] Manifest generado.
[2026-04-22 23:52:07 UTC] Proceso completado con éxito.
[2026-04-22 23:52:38 UTC] Inicio de ejecución.
[2026-04-22 23:52:38 UTC] Archivo leído correctamente: /app/data/Estados.txt
[2026-04-22 23:52:38 UTC] Registros detectados: 3
[2026-04-22 23:52:38 UTC] JSON generado en: /app/dist/estados.json
[2026-04-22 23:52:38 UTC] HTML generado en: /app/dist/index.html
[2026-04-22 23:52:38 UTC] Manifest generado.
[2026-04-22 23:52:38 UTC] Proceso completado con éxito.
[2026-04-23 00:00:49 UTC] Inicio de ejecución.
[2026-04-23 00:00:49 UTC] Archivo leído correctamente: C:\Users\dhgui\Proton Drive\dhguilleng\My files\Escuela\4to_Semestre\Fundamentos_Devops\Actividades\Actividad_4\clima-estados\data\Estados.txt
[2026-04-23 00:00:49 UTC] Registros detectados: 32
[2026-04-23 00:00:49 UTC] JSON generado en: C:\Users\dhgui\Proton Drive\dhguilleng\My files\Escuela\4to_Semestre\Fundamentos_Devops\Actividades\Actividad_4\clima-estados\dist\estados.json
[2026-04-23 00:00:49 UTC] HTML generado en: C:\Users\dhgui\Proton Drive\dhguilleng\My files\Escuela\4to_Semestre\Fundamentos_Devops\Actividades\Actividad_4\clima-estados\dist\index.html
[2026-04-23 00:00:49 UTC] Manifest generado.
[2026-04-23 00:00:49 UTC] Proceso completado con éxito.
[2026-04-23 00:17:07 UTC] Inicio de ejecución.
[2026-04-23 00:17:07 UTC] Archivo leído correctamente: C:\Users\dhgui\Proton Drive\dhguilleng\My files\Escuela\4to_Semestre\Fundamentos_Devops\Actividades\Actividad_4\data\Estados.txt
[2026-04-23 00:17:07 UTC] Registros detectados: 32
[2026-04-23 00:17:07 UTC] JSON generado en: C:\Users\dhgui\Proton Drive\dhguilleng\My files\Escuela\4to_Semestre\Fundamentos_Devops\Actividades\Actividad_4\dist\estados.json
[2026-04-23 00:17:07 UTC] HTML generado en: C:\Users\dhgui\Proton Drive\dhguilleng\My files\Escuela\4to_Semestre\Fundamentos_Devops\Actividades\Actividad_4\dist\index.html
[2026-04-23 00:17:07 UTC] Manifest generado.
[2026-04-23 00:17:07 UTC] Proceso completado con éxito.
